·------------------------------------------------------------|----------------------------|-------------------|-----------------------------·
|                    Solc version: 0.4.25                    ·  Optimizer enabled: false  ·  Runs: undefined  ·  Block limit: 12000000 gas  │
·····························································|····························|···················|······························
|  Methods                                                                                                                                  │
························|····································|··············|·············|···················|···············|··············
|  Contract             ·  Method                            ·  Min         ·  Max        ·  Avg              ·  # calls      ·  usd (avg)  │
························|····································|··············|·············|···················|···············|··············
|  AddressResolver      ·  importAddresses                   ·           -  ·          -  ·           856305  ·            1  ·          -  │
························|····································|··············|·············|···················|···············|··············
|  CircuitBreaker       ·  rebuildCache                      ·           -  ·          -  ·           138324  ·            1  ·          -  │
························|····································|··············|·············|···················|···············|··············
|  CircuitBreaker       ·  resetLastValue                    ·           -  ·          -  ·            51908  ·            1  ·          -  │
························|····································|··············|·············|···················|···············|··············
|  DebtCache            ·  rebuildCache                      ·           -  ·          -  ·           278238  ·            1  ·          -  │
························|····································|··············|·············|···················|···············|··············
|  ExchangeRates        ·  addAggregator                     ·       40517  ·     121848  ·            60850  ·            4  ·          -  │
························|····································|··············|·············|···················|···············|··············
|  ExchangeRates        ·  rebuildCache                      ·           -  ·          -  ·            84409  ·            1  ·          -  │
························|····································|··············|·············|···················|···············|··············
|  FeePool              ·  rebuildCache                      ·           -  ·          -  ·           446173  ·            1  ·          -  │
························|····································|··············|·············|···················|···············|··············
|  GenericMock          ·  mockReturns                       ·       46899  ·      66871  ·            49695  ·            8  ·          -  │
························|····································|··············|·············|···················|···············|··············
|  Issuer               ·  rebuildCache                      ·           -  ·          -  ·           446151  ·            1  ·          -  │
························|····································|··············|·············|···················|···············|··············
|  MockAggregatorV2V3   ·  setDecimals                       ·           -  ·          -  ·            43700  ·            4  ·          -  │
························|····································|··············|·············|···················|···············|··············
|  MockAggregatorV2V3   ·  setLatestAnswer                   ·           -  ·          -  ·           138324  ·            4  ·          -  │
························|····································|··············|·············|···················|···············|··············
|  Proxy                ·  setTarget                         ·           -  ·          -  ·            47151  ·            2  ·          -  │
························|····································|··············|·············|···················|···············|··············
|  ProxyERC20           ·  setTarget                         ·           -  ·          -  ·            47129  ·            3  ·          -  │
························|····································|··············|·············|···················|···············|··············
|  ProxyERC20           ·  transfer                          ·       93454  ·     130442  ·            98523  ·           18  ·          -  │
························|····································|··············|·············|···················|···············|··············
|  PublicEST            ·  approve                           ·           -  ·          -  ·            68110  ·           13  ·          -  │
························|····································|··············|·············|···················|···············|··············
|  PublicEST            ·  transfer                          ·       93705  ·      93717  ·            93708  ·           18  ·          -  │
························|····································|··············|·············|···················|···············|··············
|  RewardsDistribution  ·  addRewardDistribution             ·           -  ·          -  ·            92780  ·            1  ·          -  │
························|····································|··············|·············|···················|···············|··············
|  RewardsDistribution  ·  distributeRewards                 ·           -  ·          -  ·           265648  ·            1  ·          -  │
························|····································|··············|·············|···················|···············|··············
|  RewardsDistribution  ·  setAuthority                      ·       29038  ·      46138  ·            37588  ·            2  ·          -  │
························|····································|··············|·············|···················|···············|··············
|  RewardsDistribution  ·  setFeePoolProxy                   ·           -  ·          -  ·            29015  ·            1  ·          -  │
························|····································|··············|·············|···················|···············|··············
|  RewardsDistribution  ·  setRewardEscrow                   ·           -  ·          -  ·            28972  ·            1  ·          -  │
························|····································|··············|·············|···················|···············|··············
|  RewardsDistribution  ·  setSynthetixProxy                 ·           -  ·          -  ·            26194  ·            2  ·          -  │
························|····································|··············|·············|···················|···············|··············
|  StakingRewards       ·  exit                              ·      172775  ·     243975  ·           208375  ·            2  ·          -  │
························|····································|··············|·············|···················|···············|··············
|  StakingRewards       ·  getReward                         ·      138477  ·     189444  ·           167652  ·            4  ·          -  │
························|····································|··············|·············|···················|···············|··············
|  StakingRewards       ·  notifyRewardAmount                ·       67293  ·     119112  ·           109610  ·           18  ·          -  │
························|····································|··············|·············|···················|···············|··············
|  StakingRewards       ·  recoverERC20                      ·           -  ·          -  ·            64686  ·            4  ·          -  │
························|····································|··············|·············|···················|···············|··············
|  StakingRewards       ·  setPaused                         ·       30279  ·      52404  ·            46873  ·            4  ·          -  │
························|····································|··············|·············|···················|···············|··············
|  StakingRewards       ·  setRewardsDistribution            ·       29005  ·      29017  ·            29013  ·            3  ·          -  │
························|····································|··············|·············|···················|···············|··············
|  StakingRewards       ·  setRewardsDuration                ·       32018  ·      32030  ·            32027  ·            4  ·          -  │
························|····································|··············|·············|···················|···············|··············
|  StakingRewards       ·  stake                             ·           -  ·          -  ·           146866  ·           12  ·          -  │
························|····································|··············|·············|···················|···············|··············
|  StakingRewards       ·  withdraw                          ·       99038  ·     175723  ·           137381  ·            2  ·          -  │
························|····································|··············|·············|···················|···············|··············
|  Synthetix            ·  rebuildCache                      ·           -  ·          -  ·           287767  ·            1  ·          -  │
························|····································|··············|·············|···················|···············|··············
|  Synthetix            ·  setProxy                          ·           -  ·          -  ·            27785  ·            1  ·          -  │
························|····································|··············|·············|···················|···············|··············
|  SynthetixDebtShare   ·  rebuildCache                      ·           -  ·          -  ·            53864  ·            1  ·          -  │
························|····································|··············|·············|···················|···············|··············
|  SystemSettings       ·  rebuildCache                      ·           -  ·          -  ·            53844  ·            1  ·          -  │
························|····································|··············|·············|···················|···············|··············
|  SystemSettings       ·  setAtomicMaxVolumePerBlock        ·           -  ·          -  ·            68205  ·            1  ·          -  │
························|····································|··············|·············|···················|···············|··············
|  SystemSettings       ·  setAtomicTwapWindow               ·           -  ·          -  ·            68254  ·            1  ·          -  │
························|····································|··············|·············|···················|···············|··············
|  SystemSettings       ·  setCrossDomainMessageGasLimit     ·       68808  ·      69054  ·            68928  ·            4  ·          -  │
························|····································|··············|·············|···················|···············|··············
|  SystemSettings       ·  setDebtSnapshotStaleTime          ·           -  ·          -  ·            68200  ·            1  ·          -  │
························|····································|··············|·············|···················|···············|··············
|  SystemSettings       ·  setEtherWrapperBurnFeeRate        ·           -  ·          -  ·            48303  ·            1  ·          -  │
························|····································|··············|·············|···················|···············|··············
|  SystemSettings       ·  setEtherWrapperMaxETH             ·           -  ·          -  ·            68294  ·            1  ·          -  │
························|····································|··············|·············|···················|···············|··············
|  SystemSettings       ·  setEtherWrapperMintFeeRate        ·           -  ·          -  ·            68296  ·            1  ·          -  │
························|····································|··············|·············|···················|···············|··············
|  SystemSettings       ·  setExchangeDynamicFeeRounds       ·           -  ·          -  ·            64888  ·            1  ·          -  │
························|····································|··············|·············|···················|···············|··············
|  SystemSettings       ·  setExchangeDynamicFeeThreshold    ·           -  ·          -  ·            64942  ·            1  ·          -  │
························|····································|··············|·············|···················|···············|··············
|  SystemSettings       ·  setExchangeDynamicFeeWeightDecay  ·           -  ·          -  ·            64953  ·            1  ·          -  │
························|····································|··············|·············|···················|···············|··············
|  SystemSettings       ·  setExchangeMaxDynamicFee          ·           -  ·          -  ·            68288  ·            1  ·          -  │
························|····································|··············|·············|···················|···············|··············
|  SystemSettings       ·  setFeePeriodDuration              ·           -  ·          -  ·            68245  ·            1  ·          -  │
························|····································|··············|·············|···················|···············|··············
|  SystemSettings       ·  setFlagReward                     ·           -  ·          -  ·            64863  ·            1  ·          -  │
························|····································|··············|·············|···················|···············|··············
|  SystemSettings       ·  setIssuanceRatio                  ·           -  ·          -  ·            68324  ·            1  ·          -  │
························|····································|··············|·············|···················|···············|··············
|  SystemSettings       ·  setLiquidateReward                ·           -  ·          -  ·            64895  ·            1  ·          -  │
························|····································|··············|·············|···················|···············|··············
|  SystemSettings       ·  setLiquidationDelay               ·           -  ·          -  ·            68264  ·            1  ·          -  │
························|····································|··············|·············|···················|···············|··············
|  SystemSettings       ·  setLiquidationEscrowDuration      ·           -  ·          -  ·            64902  ·            1  ·          -  │
························|····································|··············|·············|···················|···············|··············
|  SystemSettings       ·  setLiquidationPenalty             ·           -  ·          -  ·            68341  ·            1  ·          -  │
························|····································|··············|·············|···················|···············|··············
|  SystemSettings       ·  setLiquidationRatio               ·           -  ·          -  ·            79990  ·            1  ·          -  │
························|····································|··············|·············|···················|···············|··············
|  SystemSettings       ·  setMinimumStakeTime               ·           -  ·          -  ·            68148  ·            1  ·          -  │
························|····································|··············|·············|···················|···············|··············
|  SystemSettings       ·  setPriceDeviationThresholdFactor  ·           -  ·          -  ·            68208  ·            1  ·          -  │
························|····································|··············|·············|···················|···············|··············
|  SystemSettings       ·  setRateStalePeriod                ·       48245  ·      68145  ·            53920  ·            4  ·          -  │
························|····································|··············|·············|···················|···············|··············
|  SystemSettings       ·  setSelfLiquidationPenalty         ·           -  ·          -  ·            68187  ·            1  ·          -  │
························|····································|··············|·············|···················|···············|··············
|  SystemSettings       ·  setSnxLiquidationPenalty          ·           -  ·          -  ·            68254  ·            1  ·          -  │
························|····································|··············|·············|···················|···············|··············
|  SystemSettings       ·  setTargetThreshold                ·           -  ·          -  ·            71844  ·            1  ·          -  │
························|····································|··············|·············|···················|···············|··············
|  SystemSettings       ·  setWaitingPeriodSecs              ·           -  ·          -  ·            88516  ·            1  ·          -  │
························|····································|··············|·············|···················|···············|··············
|  SystemStatus         ·  updateAccessControl               ·           -  ·          -  ·            49690  ·            1  ·          -  │
························|····································|··············|·············|···················|···············|··············
|  SystemStatus         ·  updateAccessControls              ·           -  ·          -  ·           183284  ·            1  ·          -  │
························|····································|··············|·············|···················|···············|··············
|  TokenState           ·  setAssociatedContract             ·           -  ·          -  ·            30029  ·            3  ·          -  │
························|····································|··············|·············|···················|···············|··············
|  TokenState           ·  setBalanceOf                      ·           -  ·          -  ·            46337  ·            3  ·          -  │
························|····································|··············|·············|···················|···············|··············
|  Deployments                                               ·                                                ·  % of limit   ·             │
·····························································|··············|·············|···················|···············|··············
|  AddressResolver                                           ·           -  ·          -  ·           978868  ·        8.2 %  ·          -  │
·····························································|··············|·············|···················|···············|··············
|  CircuitBreaker                                            ·           -  ·          -  ·          1772126  ·       14.8 %  ·          -  │
·····························································|··············|·············|···················|···············|··············
|  DebtCache                                                 ·           -  ·          -  ·          3854455  ·       32.1 %  ·          -  │
·····························································|··············|·············|···················|···············|··············
|  ExchangeRates                                             ·           -  ·          -  ·          4483713  ·       37.4 %  ·          -  │
·····························································|··············|·············|···················|···············|··············
|  FeePool                                                   ·           -  ·          -  ·          4872111  ·       40.6 %  ·          -  │
·····························································|··············|·············|···················|···············|··············
|  FlexibleStorage                                           ·           -  ·          -  ·          3194362  ·       26.6 %  ·          -  │
·····························································|··············|·············|···················|···············|··············
|  GenericMock                                               ·           -  ·          -  ·           309681  ·        2.6 %  ·          -  │
·····························································|··············|·············|···················|···············|··············
|  Issuer                                                    ·           -  ·          -  ·          7969160  ·       66.4 %  ·          -  │
·····························································|··············|·············|···················|···············|··············
|  MockAggregatorV2V3                                        ·           -  ·          -  ·           795489  ·        6.6 %  ·          -  │
·····························································|··············|·············|···················|···············|··············
|  OneNetAggregatorDebtRatio                                 ·           -  ·          -  ·           953345  ·        7.9 %  ·          -  │
·····························································|··············|·············|···················|···············|··············
|  OneNetAggregatorIssuedSynths                              ·           -  ·          -  ·           755621  ·        6.3 %  ·          -  │
·····························································|··············|·············|···················|···············|··············
|  Proxy                                                     ·           -  ·          -  ·           663987  ·        5.5 %  ·          -  │
·····························································|··············|·············|···················|···············|··············
|  ProxyERC20                                                ·           -  ·          -  ·          1531522  ·       12.8 %  ·          -  │
·····························································|··············|·············|···················|···············|··············
|  PublicEST                                                 ·     2287425  ·    2287521  ·          2287473  ·       19.1 %  ·          -  │
·····························································|··············|·············|···················|···············|··············
|  RewardsDistribution                                       ·           -  ·          -  ·          1784298  ·       14.9 %  ·          -  │
·····························································|··············|·············|···················|···············|··············
|  SafeDecimalMath                                           ·           -  ·          -  ·           143996  ·        1.2 %  ·          -  │
·····························································|··············|·············|···················|···············|··············
|  StakingRewards                                            ·           -  ·          -  ·          2388038  ·       19.9 %  ·          -  │
·····························································|··············|·············|···················|···············|··············
|  Synthetix                                                 ·           -  ·          -  ·          8655597  ·       72.1 %  ·          -  │
·····························································|··············|·············|···················|···············|··············
|  SynthetixDebtShare                                        ·           -  ·          -  ·          3524677  ·       29.4 %  ·          -  │
·····························································|··············|·············|···················|···············|··············
|  SystemSettings                                            ·           -  ·          -  ·          7108704  ·       59.2 %  ·          -  │
·····························································|··············|·············|···················|···············|··············
|  SystemSettingsLib                                         ·           -  ·          -  ·          4049193  ·       33.7 %  ·          -  │
·····························································|··············|·············|···················|···············|··············
|  SystemStatus                                              ·           -  ·          -  ·          3759023  ·       31.3 %  ·          -  │
·····························································|··············|·············|···················|···············|··············
|  TokenState                                                ·           -  ·          -  ·           740384  ·        6.2 %  ·          -  │
·------------------------------------------------------------|--------------|-------------|-------------------|---------------|-------------·